https://geeksforgeeks.org
http://www.geeksforgeeks.org/
http://www.geeksforgeeks.org/wp-content/uploads/
http://gmpg.org/xfn/
http://www.geeksforgeeks.org/wp-content/themes/iconic-one/js/
http://www.geeksforgeeks.org/
http://www.geeksforgeeks.org/
http://yoast.com/wordpress/plugins/seo/
http://www.geeksforgeeks.org/feed/
http://www.geeksforgeeks.org/comments/feed/
http://www.geeksforgeeks.org/wp-content/themes/iconic-one/css/
http://www.geeksforgeeks.org/wp-includes/js/jquery/jquery.js?ver=1.12.4'></
http://www.geeksforgeeks.org/wp-includes/js/jquery/jquery-migrate.min.js?ver=1.4.1'></
http://www.geeksforgeeks.org/wp-content/themes/iconic-one/js/gfg.min.js?ver=10.27'></
http://api.w.org/
http://www.cdn.geeksforgeeks.org/
http://www.cdn.geeksforgeeks.org/wp-includes/
http://www.geeksforgeeks.org/cookie-policy/
http://www.geeksforgeeks.org/wp-content/uploads/
http://www.geeksforgeeks.org/wp-content/uploads/
http://www.geeksforgeeks.org/wp-content/uploads/
http://www.geeksforgeeks.org/wp-content/uploads/
http://www.googletagmanager.com/gtag/js?id=AW-796001856"></
http://www.geeksforgeeks.org/
http://media.geeksforgeeks.org/wp-content/uploads/
http://practice.geeksforgeeks.org/courses/
http://media.geeksforgeeks.org/wp-content/cdn-uploads/search.svg"></
http://contribute.geeksforgeeks.org/request-article/
http://www.geeksforgeeks.org/wp-content/uploads/gfg_transparent_white_small.png"></a></
http://www.geeksforgeeks.org/fundamentals-of-algorithms/
http://www.geeksforgeeks.org/fundamentals-of-algorithms/
http://www.geeksforgeeks.org/fundamentals-of-algorithms/
http://www.geeksforgeeks.org/searching-algorithms/
http://www.geeksforgeeks.org/sorting-algorithms/
http://www.geeksforgeeks.org/graph-data-structure-and-algorithms/
http://www.geeksforgeeks.org/bitwise-algorithms/
http://www.geeksforgeeks.org/algorithms-gq/pattern-searching/
http://www.geeksforgeeks.org/geometric-algorithms/
http://www.geeksforgeeks.org/mathematical-algorithms/
http://www.geeksforgeeks.org/randomized-algorithms/
http://www.geeksforgeeks.org/game-theory/
http://www.geeksforgeeks.org/fundamentals-of-algorithms/
http://www.geeksforgeeks.org/greedy-algorithms/
http://www.geeksforgeeks.org/dynamic-programming/
http://www.geeksforgeeks.org/divide-and-conquer/
http://www.geeksforgeeks.org/backtracking-algorithms/">Backtracking</a></
http://www.geeksforgeeks.org/branch-and-bound-algorithm/
http://www.geeksforgeeks.org/fundamentals-of-algorithms/
http://www.geeksforgeeks.org/data-structures/
http://www.geeksforgeeks.org/array-data-structure/">Array</a></
http://www.geeksforgeeks.org/data-structures/linked-list/">LinkedList</a></
http://www.geeksforgeeks.org/stack-data-structure/">Stack</a></
http://www.geeksforgeeks.org/queue-data-structure/">Queue</a></
http://www.geeksforgeeks.org/data-structures/
http://www.geeksforgeeks.org/binary-tree-data-structure/
http://www.geeksforgeeks.org/binary-search-tree-data-structure/
http://www.geeksforgeeks.org/heap-data-structure/">Heap</a></
http://www.geeksforgeeks.org/hashing-data-structure/">Hashing</a></
http://www.geeksforgeeks.org/graph-data-structure-and-algorithms/">Graph</a></
http://www.geeksforgeeks.org/advanced-data-structures/
http://www.geeksforgeeks.org/matrix/">Matrix</a></
http://www.geeksforgeeks.org/string-data-structure/">Strings</a></
http://www.geeksforgeeks.org/data-structures/
http://www.geeksforgeeks.org/category/program-output/
http://www.geeksforgeeks.org/c-programming-language/">C</a></
http://www.geeksforgeeks.org/c-plus-plus/">C++</a></
http://www.geeksforgeeks.org/java/">Java</a></
http://www.geeksforgeeks.org/python-programming-language/">Python</a></
http://www.geeksforgeeks.org/csharp-programming-language/">C#</a></
http://www.geeksforgeeks.org/scala-programming-language/">Scala</a></
http://www.geeksforgeeks.org/perl-tutorial/">Perl</a></
http://www.geeksforgeeks.org/php/">PHP</a></
http://www.geeksforgeeks.org/javascript-tutorial/">JavaScript</a></
http://www.geeksforgeeks.org/jquery-tutorials/">jQuery</a></
http://www.geeksforgeeks.org/sql-tutorial/">SQL</a></
http://www.geeksforgeeks.org/html-tutorials/">HTML</a></
http://www.geeksforgeeks.org/css-tutorials/">CSS</a></
http://www.geeksforgeeks.org/category/program-output/
http://www.geeksforgeeks.org/category/program-output/
http://www.geeksforgeeks.org/about/interview-corner/
http://www.geeksforgeeks.org/company-preparation/
http://www.geeksforgeeks.org/interview-preparation-for-software-developer/
http://practice.geeksforgeeks.org/
http://www.geeksforgeeks.org/about/interview-corner/
http://www.geeksforgeeks.org/experienced-interview-experiences-company-wise/
http://www.geeksforgeeks.org/internship-interview-experiences-company-wise/
http://www.geeksforgeeks.org/category/competitive-programming/
http://www.geeksforgeeks.org/software-design-patterns/
http://geeksquiz.com/quiz-corner/
http://www.geeksforgeeks.org/student-corner/
http://www.geeksforgeeks.org/campus-ambassador-program-by-geeksforgeeks/
http://www.geeksforgeeks.org/computer-science-projects/">Project</a></
http://www.geeksforgeeks.org/geek-of-the-month/
http://www.geeksforgeeks.org/campus-geek-of-the-month/
http://geeksquiz.com/placements/
http://www.geeksforgeeks.org/category/competitive-programming/
http://www.geeksforgeeks.org/testimonials/">Testimonials</a></
http://www.geeksforgeeks.org/category/geek-on-the-top/
http://www.geeksforgeeks.org/careers/">Careers</a></
http://www.geeksforgeeks.org/internship/">Internship</a></
http://www.geeksforgeeks.org/school-programming/
http://www.geeksforgeeks.org/gate-cs-notes-gq/
http://www.geeksforgeeks.org/gate-cs-notes-gq/
http://www.geeksforgeeks.org/gate-corner-2-gq/
http://www.geeksforgeeks.org/lmns-gq/
http://www.geeksforgeeks.org/gate-cs-2020-important-official-dates/
http://www.geeksforgeeks.org/original-gate-previous-year-question-papers-cse-and-it-gq/
http://www.geeksforgeeks.org/isro-cs-preparation/
http://www.geeksforgeeks.org/ugc-net-cs-preparation/
http://www.geeksforgeeks.org/ugc-net-cs-notes-according-to-syllabus-of-paper-ii/
http://www.geeksforgeeks.org/ugc-net-cs-notes-according-to-syllabus-of-paper-iii-core-group/
http://www.geeksforgeeks.org/articles-on-computer-science-subjects-gq/
http://www.geeksforgeeks.org/gate-cs-notes-gq/
http://www.geeksforgeeks.org/engineering-mathematics-tutorials/
http://www.geeksforgeeks.org/operating-systems/
http://www.geeksforgeeks.org/computer-network-tutorials/
http://www.geeksforgeeks.org/dbms/">DBMS</a></
http://www.geeksforgeeks.org/compiler-design-tutorials/
http://www.geeksforgeeks.org/theory-of-computation-automata-tutorials/
http://www.geeksforgeeks.org/digital-electronics-logic-design-tutorials/
http://www.geeksforgeeks.org/computer-organization-and-architecture-tutorials/
http://www.geeksforgeeks.org/software-engineering/
http://www.geeksforgeeks.org/microprocessor-tutorials/">Microprocessor</a></
http://www.geeksforgeeks.org/web-technology/
http://www.geeksforgeeks.org/advanced-computer-subjects-tutorials/
http://www.geeksforgeeks.org/machine-learning/
http://www.geeksforgeeks.org/computer-graphics-2/
http://www.geeksforgeeks.org/category/geeksquiz/articles-gq/difference-gq/
http://quiz.geeksforgeeks.org/quiz-corner/
http://www.geeksforgeeks.org/quizzes-on-programming-languages-gq/
http://www.geeksforgeeks.org/quiz-corner-gq/#C%20Programming%20Mock%20Tests">C</a></
http://www.geeksforgeeks.org/quiz-corner-gq/#C++%20Programming%20Mock%20Tests">C++</a></
http://www.geeksforgeeks.org/quiz-corner-gq/#Java%20Programming%20Mock%20Tests">Java</a></
http://www.geeksforgeeks.org/quiz-corner-gq/#Python%20Programming%20Mock%20Tests">Python</a></
http://www.geeksforgeeks.org/quiz-corner-gq/
http://www.geeksforgeeks.org/quiz-corner-gq/
http://www.geeksforgeeks.org/quiz-corner-gq/#Algorithms%20Mock%20Tests">Algorithms</a></
http://www.geeksforgeeks.org/quiz-corner-gq/
http://www.geeksforgeeks.org/quiz-corner-gq/#DBMS%20Mock%20Tests">DBMS</a></
http://www.geeksforgeeks.org/quiz-corner-gq/
http://www.geeksforgeeks.org/quiz-corner-gq/
http://www.geeksforgeeks.org/quiz-corner-gq/
http://www.geeksforgeeks.org/quiz-corner-gq/
http://www.geeksforgeeks.org/software-engineering-gq/
http://www.geeksforgeeks.org/html-and-xml-gq/
http://www.geeksforgeeks.org/quiz-corner-gq/
http://www.geeksforgeeks.org/quiz-corner-gq/#Aptitude%20Mock%20Tests">Aptitude</a></
http://www.geeksforgeeks.org/category/guestblogs/">GBlog</a></
http://www.geeksforgeeks.org/puzzles/">Puzzles</a></
http://practice.geeksforgeeks.org/">Practice</a></
http://practice.geeksforgeeks.org/courses/
http://www.geeksforgeeks.org/internship/
http://practice.geeksforgeeks.org/
http://www.geeksforgeeks.org/write-interview-experience/
http://www.geeksforgeeks.org/must-coding-questions-company-wise/
http://www.geeksforgeeks.org/must-do-coding-questions-for-companies-like-amazon-microsoft-adobe/
http://www.geeksforgeeks.org/basic/">Basic</a></
http://www.geeksforgeeks.org/easy/">Easy</a></
http://www.geeksforgeeks.org/medium/">Medium</a></
http://www.geeksforgeeks.org/hard/">Hard</a></
http://www.geeksforgeeks.org/expert/">Expert</a></
http://www.geeksforgeeks.org/a-complete-step-by-step-guide-for-placement-preparation-by-geeksforgeeks/
http://www.geeksforgeeks.org/company-preparation/
http://www.geeksforgeeks.org/interview-preparation-for-software-developer/
http://practice.geeksforgeeks.org/
http://www.geeksforgeeks.org/software-design-patterns/
http://www.geeksforgeeks.org/placements-gq/
http://www.geeksforgeeks.org/company-interview-corner/
http://www.geeksforgeeks.org/category/interview-experiences/
http://www.geeksforgeeks.org/geeksquiz-home/
http://www.geeksforgeeks.org/quiz-corner-gq/
http://www.geeksforgeeks.org/lmns-gq/">LMNs</a></
http://practice.geeksforgeeks.org/
http://practice.geeksforgeeks.org/
http://practice.geeksforgeeks.org/topic-tags/
http://practice.geeksforgeeks.org/
http://practice.geeksforgeeks.org/School/0/0/
http://practice.geeksforgeeks.org/Basic/0/0/
http://practice.geeksforgeeks.org/Easy/0/0/
http://practice.geeksforgeeks.org/Medium/0/0/
http://practice.geeksforgeeks.org/Hard/0/0/
http://practice.geeksforgeeks.org/
http://www.geeksforgeeks.org/c/">C</a></
http://www.geeksforgeeks.org/c-plus-plus/">C++</a></
http://www.geeksforgeeks.org/java/">Java</a></
http://www.geeksforgeeks.org/python/">Python</a></
http://www.geeksforgeeks.org/sql-tutorial/">SQL</a></
http://www.geeksforgeeks.org/php/">PHP</a></
http://www.geeksforgeeks.org/javascript-tutorial/">JavaScript</a></
http://www.geeksforgeeks.org/school-programming/
http://www.geeksforgeeks.org/operating-systems/
http://www.geeksforgeeks.org/dbms/">DBMS</a></
http://www.geeksforgeeks.org/computer-network-tutorials/
http://www.geeksforgeeks.org/engineering-mathematics-tutorials/
http://www.geeksforgeeks.org/category/design-pattern/
http://www.geeksforgeeks.org/category/puzzles/
http://www.geeksforgeeks.org/web-technology/
http://www.geeksforgeeks.org/category/gfact/">G-Facts</a></
http://www.geeksforgeeks.org/tag/computer-graphics/
http://www.geeksforgeeks.org/image-processing/
http://www.geeksforgeeks.org/category/project/
http://www.geeksforgeeks.org/
http://media.geeksforgeeks.org/wp-content/cdn-uploads/20190708124834/contri-write-2.png"></a></
http://www.geeksforgeeks.org/data-structures-and-algorithms-online-courses-free-and-paid/
http://www.geeksforgeeks.org/easy/
http://www.geeksforgeeks.org/data-structures-and-algorithms-online-courses-free-and-paid/
http://www.geeksforgeeks.org/category/algorithm/
http://www.geeksforgeeks.org/category/articles/
http://www.geeksforgeeks.org/category/data-structures/
http://www.geeksforgeeks.org/tag/interview-preparation/
http://www.geeksforgeeks.org/tag/placement-preparation/
http://www.geeksforgeeks.org/must-do-coding-questions-for-companies-like-amazon-microsoft-adobe/
http://www.geeksforgeeks.org/medium/
http://www.geeksforgeeks.org/must-do-coding-questions-for-companies-like-amazon-microsoft-adobe/
http://www.geeksforgeeks.org/category/articles/
http://www.geeksforgeeks.org/tag/interview-preparation/
http://www.geeksforgeeks.org/tag/placement-preparation/
http://www.geeksforgeeks.org/must-do-questions-for-companies-like-tcs-cts-hcl-ibm/
http://www.geeksforgeeks.org/medium/
http://www.geeksforgeeks.org/must-do-questions-for-companies-like-tcs-cts-hcl-ibm/
http://www.geeksforgeeks.org/category/geeksquiz/articles-gq/
http://www.geeksforgeeks.org/category/geeksquiz/articles-gq/placements-gq/
http://www.geeksforgeeks.org/tag/interview-preparation/
http://www.geeksforgeeks.org/tag/placement-preparation/
http://www.geeksforgeeks.org/number-of-shortest-paths-to-reach-every-cell-from-bottom-left-cell-in-the-grid/
http://www.geeksforgeeks.org/number-of-shortest-paths-to-reach-every-cell-from-bottom-left-cell-in-the-grid/
http://www.geeksforgeeks.org/category/algorithm/dynamic-programming/
http://www.geeksforgeeks.org/category/data-structures/matrix/
http://www.geeksforgeeks.org/tag/shortest-path/
http://www.geeksforgeeks.org/implementing-a-bst-where-every-node-stores-the-maximum-number-of-nodes-in-the-path-till-any-leaf/
http://www.geeksforgeeks.org/implementing-a-bst-where-every-node-stores-the-maximum-number-of-nodes-in-the-path-till-any-leaf/
http://www.geeksforgeeks.org/category/data-structures/binary-search-tree/
http://www.geeksforgeeks.org/category/data-structures/
http://www.geeksforgeeks.org/category/data-structures/tree/
http://www.geeksforgeeks.org/number-of-distinct-pair-of-edges-such-that-it-partitions-both-trees-into-same-subsets-of-nodes/
http://www.geeksforgeeks.org/number-of-distinct-pair-of-edges-such-that-it-partitions-both-trees-into-same-subsets-of-nodes/
http://www.geeksforgeeks.org/category/data-structures/hash/
http://www.geeksforgeeks.org/category/data-structures/tree/
http://www.geeksforgeeks.org/find-the-number-of-p-sided-squares-in-a-grid-with-k-blacks-painted/
http://www.geeksforgeeks.org/medium/
http://www.geeksforgeeks.org/find-the-number-of-p-sided-squares-in-a-grid-with-k-blacks-painted/
http://www.geeksforgeeks.org/category/data-structures/c-arrays/
http://www.geeksforgeeks.org/category/data-structures/matrix/
http://www.geeksforgeeks.org/tag/cpp-map/
http://www.geeksforgeeks.org/tag/hash/
http://www.geeksforgeeks.org/find-number-of-factors-of-n-when-location-of-its-two-factors-whose-product-is-n-is-given/
http://www.geeksforgeeks.org/find-number-of-factors-of-n-when-location-of-its-two-factors-whose-product-is-n-is-given/
http://www.geeksforgeeks.org/category/algorithm/mathematical/
http://www.geeksforgeeks.org/tag/factor/
http://www.geeksforgeeks.org/tag/numbers/
http://www.geeksforgeeks.org/string-range-queries-to-find-the-number-of-subsets-equal-to-a-given-string/
http://www.geeksforgeeks.org/string-range-queries-to-find-the-number-of-subsets-equal-to-a-given-string/
http://www.geeksforgeeks.org/category/advanced-data-structure/
http://www.geeksforgeeks.org/category/data-structures/
http://www.geeksforgeeks.org/category/data-structures/c-strings/
http://www.geeksforgeeks.org/category/data-structures/tree/
http://www.geeksforgeeks.org/tag/segment-tree/
http://www.geeksforgeeks.org/square-free-semiprimes-in-a-given-range-using-c-stl/
http://www.geeksforgeeks.org/square-free-semiprimes-in-a-given-range-using-c-stl/
http://www.geeksforgeeks.org/category/algorithm/
http://www.geeksforgeeks.org/category/algorithm/mathematical/
http://www.geeksforgeeks.org/tag/prime-number/
http://www.geeksforgeeks.org/tag/sieve/
http://www.geeksforgeeks.org/pre-order-successor-of-all-nodes-in-binary-search-tree/
http://www.geeksforgeeks.org/pre-order-successor-of-all-nodes-in-binary-search-tree/
http://www.geeksforgeeks.org/category/algorithm/
http://www.geeksforgeeks.org/category/data-structures/binary-search-tree/
http://www.geeksforgeeks.org/category/data-structures/
http://www.geeksforgeeks.org/queries-for-number-of-distinct-elements-in-a-subarray-set-2/
http://www.geeksforgeeks.org/queries-for-number-of-distinct-elements-in-a-subarray-set-2/
http://www.geeksforgeeks.org/category/advanced-data-structure/
http://www.geeksforgeeks.org/category/data-structures/c-arrays/
http://www.geeksforgeeks.org/category/data-structures/tree/
http://www.geeksforgeeks.org/tag/array-range-queries/
http://www.geeksforgeeks.org/tag/segment-tree/
http://www.geeksforgeeks.org/tag/subarray/
http://www.geeksforgeeks.org/length-of-longest-subarray-in-which-elements-greater-than-k-are-more-than-elements-not-greater-than-k/
http://www.geeksforgeeks.org/length-of-longest-subarray-in-which-elements-greater-than-k-are-more-than-elements-not-greater-than-k/
http://www.geeksforgeeks.org/category/algorithm/analysis/
http://www.geeksforgeeks.org/category/data-structures/c-arrays/
http://www.geeksforgeeks.org/category/algorithm/searching/
http://www.geeksforgeeks.org/tag/binary-search/
http://www.geeksforgeeks.org/maximum-xor-with-given-value-in-the-path-from-root-to-given-node-in-the-tree/
http://www.geeksforgeeks.org/maximum-xor-with-given-value-in-the-path-from-root-to-given-node-in-the-tree/
http://www.geeksforgeeks.org/category/data-structures/c-arrays/
http://www.geeksforgeeks.org/category/data-structures/tree/
http://www.geeksforgeeks.org/tag/binary-tree/
http://www.geeksforgeeks.org/tag/xor/
http://www.geeksforgeeks.org/count-number-of-pairs-in-array-having-sum-divisible-by-k-set-2/
http://www.geeksforgeeks.org/count-number-of-pairs-in-array-having-sum-divisible-by-k-set-2/
http://www.geeksforgeeks.org/category/data-structures/c-arrays/
http://www.geeksforgeeks.org/category/data-structures/hash/
http://www.geeksforgeeks.org/category/algorithm/mathematical/
http://www.geeksforgeeks.org/tag/hash/
http://www.geeksforgeeks.org/fractional-knapsack-queries/
http://www.geeksforgeeks.org/fractional-knapsack-queries/
http://www.geeksforgeeks.org/category/algorithm/dynamic-programming/
http://www.geeksforgeeks.org/category/algorithm/greedy/
http://www.geeksforgeeks.org/tag/knapsack/
http://www.geeksforgeeks.org/product-of-minimum-edge-weight-between-all-pairs-of-a-tree/
http://www.geeksforgeeks.org/product-of-minimum-edge-weight-between-all-pairs-of-a-tree/
http://www.geeksforgeeks.org/category/data-structures/graph/
http://www.geeksforgeeks.org/category/algorithm/sorting/
http://www.geeksforgeeks.org/category/data-structures/tree/
http://www.geeksforgeeks.org/tag/union-find/
http://www.geeksforgeeks.org/minimum-sum-of-array-elements-based-on-given-criteria/
http://www.geeksforgeeks.org/minimum-sum-of-array-elements-based-on-given-criteria/
http://www.geeksforgeeks.org/category/data-structures/c-arrays/
http://www.geeksforgeeks.org/category/algorithm/searching/
http://www.geeksforgeeks.org/tag/algorithms-searching/
http://www.geeksforgeeks.org/tag/binary-representation/
http://www.geeksforgeeks.org/page/2/">2</
http://www.geeksforgeeks.org/page/3/">3</
http://www.geeksforgeeks.org/page/4/">4</
http://www.geeksforgeeks.org/page/5/">5</
http://www.geeksforgeeks.org/page/10/">10</
http://www.geeksforgeeks.org/page/20/">20</
http://www.geeksforgeeks.org/page/30/">30</
http://www.geeksforgeeks.org/page/2/">»</
http://www.geeksforgeeks.org/page/2810/
http://practice.geeksforgeeks.org/courses/
http://media.geeksforgeeks.org/wp-content/cdn-uploads/20190807134955/
http://www.geeksforgeeks.org/must-do-coding-questions-for-companies-like-amazon-microsoft-adobe/
http://www.geeksforgeeks.org/must-coding-questions-company-wise/
http://www.geeksforgeeks.org/goldman-sachs-interview-experience-2019/
http://www.geeksforgeeks.org/united-health-group-interview-software-engineer/
http://www.geeksforgeeks.org/sap-labs-interview-experience-for-2-months-internship-2/
http://www.geeksforgeeks.org/must-do-questions-for-companies-like-tcs-cts-hcl-ibm/
http://www.geeksforgeeks.org/data-structures-and-algorithms-online-courses-free-and-paid/
http://www.geeksforgeeks.org/oyo-interview-experience-2019/
http://www.geeksforgeeks.org/polymorphism-in-java/
http://www.geeksforgeeks.org/goldman-sachs-full-interview-experience-latest-2019/
http://www.geeksforgeeks.org/
http://media.geeksforgeeks.org/common/
http://www.geeksforgeeks.org/about/
http://www.geeksforgeeks.org/careers/">Careers</a></
http://www.geeksforgeeks.org/privacy-policy/
http://www.geeksforgeeks.org/about/contact-us/
http://www.geeksforgeeks.org/fundamentals-of-algorithms/">Algorithms</a></
http://www.geeksforgeeks.org/data-structures/
http://www.geeksforgeeks.org/category/program-output/">Languages</a></
http://www.geeksforgeeks.org/articles-on-computer-science-subjects-gq/
http://practice.geeksforgeeks.org/courses/">Courses</a></
http://practice.geeksforgeeks.org/company-tags/">Company-wise</a></
http://practice.geeksforgeeks.org/topic-tags/">Topic-wise</a></
http://practice.geeksforgeeks.org/
http://www.geeksforgeeks.org/contribute/
http://www.geeksforgeeks.org/write-interview-experience/
http://www.geeksforgeeks.org/internship/">Internships</a></
http://www.geeksforgeeks.org/how-to-contribute-videos-to-geeksforgeeks/">Videos</a></
http://www.geeksforgeeks.org/wp-includes/js/wp-embed.min.js?ver=4.9.8'></
http://www.w3.org/1999/
http://www.cdn.geeksforgeeks.org/">here</a>.</
http://www.cdn.geeksforgeeks.org/wp-includes/">here</a>.</
http://github.com/krux/postscribe/blob/master/
http://www.google-analytics.com/
http://contribute.geeksforgeeks.org/request-article/">here</a>.</
http://www.w3.org/StyleSheets/
http://www.w3.org/Help/
http://www.w3.org/
http://www.w3.org/Icons/WWW/
http://www.w3.org/Help/
http://www.w3.org/
http://search.w3.org/
http://www.cdn.geeksforgeeks.org/&quot;&gt;here&lt;/a&gt;.&lt;/">here</a>.</
http://www.cdn.geeksforgeeks.org/wp-includes/&quot;&gt;here&lt;/a&gt;.&lt;/">here</a>.</
http://contribute.geeksforgeeks.org/request-article/&quot;&gt;here&lt;/a&gt;.&lt;/">here</a>.</
http://www.w3.org/TR/REC-html40/
http://www.w3.org/TR/REC-html40/
http://www.w3.org/1999/
http://validator.w3.org/unicorn/
http://www.w3.org/Consortium/Legal/
http://www.w3.org/People/Berners-Lee/
http://validator.w3.org/docs/
http://www.csail.mit.edu/
http://www.w3.org/1999/
http://www.w3.org/Consortium/
http://www.w3.org/Help/
http://www.w3.org/2009/cheatsheet/
http://web-platform-tests.org/
http://www.w3.org/Consortium/
http://www.w3.org/2004/01/pp-impl/
http://www.w3.org/Help/Account/Request/
http://www.w3.org/2018/12/games-workshop/
http://www.w3.org/2018/12/games-workshop/media/
http://www.w3.org/2018/12/games-workshop/
http://www.w3.org/2018/12/games-workshop/
http://www.w3.org/2018/12/games-workshop/
http://www.w3.org/2018/12/games-workshop/
http://www.w3.org/2018/12/games-workshop/
http://www.w3.org/Style/CSS/
http://www.w3.org/TR/2019/CR-css-text-decor-3-20190813/
http://www.w3.org/2018/distributed-tracing/
http://www.w3.org/TR/2019/CR-trace-context-20190813/
http://www.w3.org/WAI/GL/
http://www.w3.org/TR/2019/PR-act-rules-format-1.0-20190730/
http://www.w3.org/community/act-r/
http://www.w3.org/blog/2019/07/harmonized-accessibility-testing/
http://www.w3.org/WAI/
http://www.w3.org/Style/CSS/
http://www.w3.org/TR/2019/CR-css-writing-modes-3-20190730/
http://www.w3.org/TR/2019/CR-css-writing-modes-4-20190730/
http://www.w3.org/blog/talks/event/six-ways/
http://www.w3.org/auto/events/data-ws-2019/
http://www.w3.org/2019/09/TPAC/
http://www.w3.org/2019/09/Meetup/
http://2019.viewsourceconf.org/
http://wiki.csswg.org/planning/
http://lists.w3.org/Archives/Member/w3c-ac-members/2019AprJun/
http://www.w3.org/blog/2019/08/changes-to-the-publication-schedule-for-the-publishing-working-group/
http://www.w3.org/blog/2019/07/w3c-at-view-source-conference/
http://www.w3.org/People/mcf/
http://www.w3.org/blog/2019/07/harmonized-accessibility-testing/
http://www.w3.org/People/shadi/
http://www.w3.org/Consortium/Recruitment/
http://www.w3.org/blog/wp-content/uploads/2017/12/
http://www.csail.mit.edu/
http://www.w3.org/
http://www.w3.org/1999/
http://validator.w3.org/unicorn/
http://www.w3.org/Consortium/Legal/
http://www.w3.org/People/Berners-Lee/
http://validator.w3.org/docs/
http://www.csail.mit.edu/
http://www.w3.org/1999/
http://www.w3.org/Consortium/
http://www.w3.org/Help/
http://www.w3.org/2009/cheatsheet/
http://web-platform-tests.org/
http://www.w3.org/Consortium/
http://www.w3.org/2004/01/pp-impl/
http://www.w3.org/Help/Account/Request/
http://www.w3.org/2018/12/games-workshop/
http://www.w3.org/2018/12/games-workshop/media/
http://www.w3.org/2018/12/games-workshop/
http://www.w3.org/2018/12/games-workshop/
http://www.w3.org/2018/12/games-workshop/
http://www.w3.org/2018/12/games-workshop/
http://www.w3.org/2018/12/games-workshop/
http://www.w3.org/Style/CSS/
http://www.w3.org/TR/2019/CR-css-text-decor-3-20190813/
http://www.w3.org/2018/distributed-tracing/
http://www.w3.org/TR/2019/CR-trace-context-20190813/
http://www.w3.org/WAI/GL/
http://www.w3.org/TR/2019/PR-act-rules-format-1.0-20190730/
http://www.w3.org/community/act-r/
http://www.w3.org/blog/2019/07/harmonized-accessibility-testing/
http://www.w3.org/WAI/
http://www.w3.org/Style/CSS/
http://www.w3.org/TR/2019/CR-css-writing-modes-3-20190730/
http://www.w3.org/TR/2019/CR-css-writing-modes-4-20190730/
http://www.w3.org/blog/talks/event/six-ways/
http://www.w3.org/auto/events/data-ws-2019/
http://www.w3.org/2019/09/TPAC/
http://www.w3.org/2019/09/Meetup/
http://2019.viewsourceconf.org/
http://wiki.csswg.org/planning/
http://lists.w3.org/Archives/Member/w3c-ac-members/2019AprJun/
http://www.w3.org/blog/2019/08/changes-to-the-publication-schedule-for-the-publishing-working-group/
http://www.w3.org/blog/2019/07/w3c-at-view-source-conference/
http://www.w3.org/People/mcf/
http://www.w3.org/blog/2019/07/harmonized-accessibility-testing/
http://www.w3.org/People/shadi/
http://www.w3.org/Consortium/Recruitment/
http://www.w3.org/blog/wp-content/uploads/2017/12/
http://www.csail.mit.edu/
http://www.cdn.geeksforgeeks.org/&amp;quot;&amp;gt;here&amp;lt;/a&amp;gt;.&amp;lt;/&quot;&gt;here&lt;/a&gt;.&lt;/">here</a>.</
http://www.cdn.geeksforgeeks.org/wp-includes/&amp;quot;&amp;gt;here&amp;lt;/a&amp;gt;.&amp;lt;/&quot;&gt;here&lt;/a&gt;.&lt;/">here</a>.</
http://contribute.geeksforgeeks.org/request-article/&amp;quot;&amp;gt;here&amp;lt;/a&amp;gt;.&amp;lt;/&quot;&gt;here&lt;/a&gt;.&lt;/">here</a>.</
http://www.w3.org/StyleSheets/TR/
http://www.w3.org/
http://www.w3.org/TR/2018/SPSD-html401-20180327/
http://www.w3.org/TR/
http://www.w3.org/People/
http://www.w3.org/Consortium/Legal/ipr-notice#Copyright">Copyright</
http://www.w3.org/
http://www.lcs.mit.edu/
http://www.w3.org/Consortium/Legal/ipr-notice#Legal_Disclaimer">liability</
http://www.w3.org/Consortium/Legal/
http://www.w3.org/Consortium/Legal/
http://www.w3.org/Consortium/Legal/
http://www.w3.org/2018/Process-20180201/
http://www.w3.org/TR/html/
http://www.w3.org/StyleSheets/TR/
http://www.w3.org/
http://www.w3.org/TR/2018/SPSD-html401-20180327/
http://www.w3.org/TR/
http://www.w3.org/People/
http://www.w3.org/Consortium/Legal/ipr-notice#Copyright">Copyright</
http://www.w3.org/
http://www.lcs.mit.edu/
http://www.w3.org/Consortium/Legal/ipr-notice#Legal_Disclaimer">liability</
http://www.w3.org/Consortium/Legal/
http://www.w3.org/Consortium/Legal/
http://www.w3.org/Consortium/Legal/
http://www.w3.org/2018/Process-20180201/
http://www.w3.org/TR/html/
http://www.w3.org/StyleSheets/
http://www.w3.org/Help/
http://www.w3.org/
http://www.w3.org/Icons/WWW/
