http://www.gov.cn
http://www.w3.org/TR/html4/
http://www.gov.cn/govweb/xhtml/
http://user.www.gov.cn/static/images/
http://mail.gov.cn/nsmail/
http://big5.www.gov.cn/gate/big5/www.gov.cn/
http://english.gov.cn/
http://sousuo.gov.cn/
http://www.gov.cn/guowuyuan/
http://www.gov.cn/guowuyuan/hanzheng/
http://www.gov.cn/guowuyuan/sunchunlan/
http://www.gov.cn/guowuyuan/huchunhua/
http://www.gov.cn/guowuyuan/liuhe/
http://www.gov.cn/guowuyuan/weifenghe/
http://www.gov.cn/guowuyuan/wangyong/
http://www.gov.cn/guowuyuan/wangyi/
http://www.gov.cn/guowuyuan/xiaojie/
http://www.gov.cn/guowuyuan/zhaokezhi/
http://www.gov.cn/guowuyuan/xiaojie/
http://www.gov.cn/guowuyuan/
http://sousuo.gov.cn/
http://www.gov.cn/zhengce/
http://www.gov.cn/zhengce/jiedu/
http://www.gov.cn/zhengce/
http://tousu.www.gov.cn/dc/
http://tousu.www.gov.cn/zwfw/
http://www.gov.cn/fuwu/bumendifangdating/
http://www.gov.cn/fuwu/quanzeqingdan/
http://www.gov.cn/guoqing/guoge/
http://www.gov.cn/guowuyuan/cwhy/20190731c25/
http://www.gov.cn/zhuanti/20190722lkqzlkc/
http://www.gov.cn/zhuanti/201907lkqzlkc/
http://www.gov.cn/zhengce/zhuti/jjhlw_zwfw/
http://www.gov.cn/zhuanti/zwgkgzjl/
http://politics.cntv.cn/special/gwyvideo/likeqiang/201908/2019080901/
http://politics.cntv.cn/special/gwyvideo/likeqiang/201908/2019080901/
http://www.gov.cn/zhengce/
http://www.gov.cn/xinwen/2019zccfh/55/
http://www.gov.cn/zhengce/shuangchuangzck/
http://www.gov.cn/zhengce/yingshanghuanjingzck/
http://www.gov.cn/zhuanti/2016wwdctjy/
http://www.gov.cn/zhuanti/dswzd/
http://www.gov.cn/hudong/
http://tousu.www.gov.cn/dc/
http://liuyan.www.gov.cn/2019wxzlsjh/
http://liuyan.www.gov.cn/zwfwjbts/
http://liuyan.www.gov.cn/2018gwyddc/
http://toupiao.www.gov.cn/100dudian/
http://liuyan.www.gov.cn/2018gwyddc/
http://www.gov.cn/zhuanti/2018wxzlsjh/
http://www.gov.cn/hudong/
